<?xml version="1.0" encoding="UTF-8"?>
<testsuite xmlns:xsi="http://www.w3.org/2001/XMLSchema-instance" xsi:noNamespaceSchemaLocation="https://maven.apache.org/surefire/maven-surefire-plugin/xsd/surefire-test-report.xsd" name="com.team3.SWTestingTeam3.SwTestingTeam3ApplicationTests" time="8.926" tests="26" errors="0" skipped="0" failures="0">
  <properties>
    <property name="sun.desktop" value="windows"/>
    <property name="awt.toolkit" value="sun.awt.windows.WToolkit"/>
    <property name="java.specification.version" value="9"/>
    <property name="file.encoding.pkg" value="sun.io"/>
    <property name="sun.cpu.isalist" value="amd64"/>
    <property name="sun.jnu.encoding" value="Cp1252"/>
    <property name="java.class.path" value="C:\Users\LILY\Desktop\SW Testing\PP1\big-bank-cfi-suite-sw-testing-team-3\SWTestingTeam3\target\test-classes;C:\Users\LILY\Desktop\SW Testing\PP1\big-bank-cfi-suite-sw-testing-team-3\SWTestingTeam3\target\classes;C:\Users\LILY\.m2\repository\com\google\cloud\google-cloud-firestore\1.33.0\google-cloud-firestore-1.33.0.jar;C:\Users\LILY\.m2\repository\com\google\cloud\google-cloud-core-grpc\1.93.4\google-cloud-core-grpc-1.93.4.jar;C:\Users\LILY\.m2\repository\io\grpc\grpc-core\1.29.0\grpc-core-1.29.0.jar;C:\Users\LILY\.m2\repository\com\google\android\annotations\4.1.1.4\annotations-4.1.1.4.jar;C:\Users\LILY\.m2\repository\io\perfmark\perfmark-api\0.19.0\perfmark-api-0.19.0.jar;C:\Users\LILY\.m2\repository\com\google\api\grpc\proto-google-cloud-firestore-admin-v1\1.33.0\proto-google-cloud-firestore-admin-v1-1.33.0.jar;C:\Users\LILY\.m2\repository\com\google\api\grpc\proto-google-cloud-firestore-v1\1.33.0\proto-google-cloud-firestore-v1-1.33.0.jar;C:\Users\LILY\.m2\repository\com\google\api\grpc\proto-google-cloud-firestore-v1beta1\0.86.0\proto-google-cloud-firestore-v1beta1-0.86.0.jar;C:\Users\LILY\.m2\repository\com\google\auto\value\auto-value-annotations\1.7\auto-value-annotations-1.7.jar;C:\Users\LILY\.m2\repository\io\opencensus\opencensus-contrib-grpc-util\0.24.0\opencensus-contrib-grpc-util-0.24.0.jar;C:\Users\LILY\.m2\repository\com\google\code\findbugs\jsr305\3.0.2\jsr305-3.0.2.jar;C:\Users\LILY\.m2\repository\com\google\api\api-common\1.9.0\api-common-1.9.0.jar;C:\Users\LILY\.m2\repository\io\grpc\grpc-protobuf\1.29.0\grpc-protobuf-1.29.0.jar;C:\Users\LILY\.m2\repository\io\grpc\grpc-protobuf-lite\1.29.0\grpc-protobuf-lite-1.29.0.jar;C:\Users\LILY\.m2\repository\io\grpc\grpc-context\1.29.0\grpc-context-1.29.0.jar;C:\Users\LILY\.m2\repository\com\google\protobuf\protobuf-java\3.11.4\protobuf-java-3.11.4.jar;C:\Users\LILY\.m2\repository\com\google\api\grpc\proto-google-common-protos\1.17.0\proto-google-common-protos-1.17.0.jar;C:\Users\LILY\.m2\repository\com\google\api\gax\1.56.0\gax-1.56.0.jar;C:\Users\LILY\.m2\repository\io\grpc\grpc-api\1.29.0\grpc-api-1.29.0.jar;C:\Users\LILY\.m2\repository\org\codehaus\mojo\animal-sniffer-annotations\1.18\animal-sniffer-annotations-1.18.jar;C:\Users\LILY\.m2\repository\com\google\api\gax-grpc\1.56.0\gax-grpc-1.56.0.jar;C:\Users\LILY\.m2\repository\io\grpc\grpc-auth\1.29.0\grpc-auth-1.29.0.jar;C:\Users\LILY\.m2\repository\io\grpc\grpc-netty-shaded\1.29.0\grpc-netty-shaded-1.29.0.jar;C:\Users\LILY\.m2\repository\io\grpc\grpc-alts\1.29.0\grpc-alts-1.29.0.jar;C:\Users\LILY\.m2\repository\io\grpc\grpc-grpclb\1.29.0\grpc-grpclb-1.29.0.jar;C:\Users\LILY\.m2\repository\org\conscrypt\conscrypt-openjdk-uber\2.2.1\conscrypt-openjdk-uber-2.2.1.jar;C:\Users\LILY\.m2\repository\org\threeten\threetenbp\1.4.3\threetenbp-1.4.3.jar;C:\Users\LILY\.m2\repository\io\grpc\grpc-stub\1.29.0\grpc-stub-1.29.0.jar;C:\Users\LILY\.m2\repository\io\opencensus\opencensus-api\0.24.0\opencensus-api-0.24.0.jar;C:\Users\LILY\.m2\repository\com\google\auth\google-auth-library-credentials\0.20.0\google-auth-library-credentials-0.20.0.jar;C:\Users\LILY\.m2\repository\com\google\cloud\google-cloud-core\1.93.4\google-cloud-core-1.93.4.jar;C:\Users\LILY\.m2\repository\com\google\code\gson\gson\2.8.6\gson-2.8.6.jar;C:\Users\LILY\.m2\repository\com\fasterxml\jackson\core\jackson-core\2.11.2\jackson-core-2.11.2.jar;C:\Users\LILY\.m2\repository\com\google\protobuf\protobuf-java-util\3.11.4\protobuf-java-util-3.11.4.jar;C:\Users\LILY\.m2\repository\javax\annotation\javax.annotation-api\1.3.2\javax.annotation-api-1.3.2.jar;C:\Users\LILY\.m2\repository\org\springframework\cloud\spring-cloud-gcp-data-datastore\1.2.3.RELEASE\spring-cloud-gcp-data-datastore-1.2.3.RELEASE.jar;C:\Users\LILY\.m2\repository\com\google\cloud\google-cloud-datastore\1.102.4\google-cloud-datastore-1.102.4.jar;C:\Users\LILY\.m2\repository\com\google\api\grpc\proto-google-cloud-datastore-v1\0.85.4\proto-google-cloud-datastore-v1-0.85.4.jar;C:\Users\LILY\.m2\repository\com\google\cloud\datastore\datastore-v1-proto-client\1.6.3\datastore-v1-proto-client-1.6.3.jar;C:\Users\LILY\.m2\repository\com\google\http-client\google-http-client-protobuf\1.35.0\google-http-client-protobuf-1.35.0.jar;C:\Users\LILY\.m2\repository\com\google\oauth-client\google-oauth-client\1.30.6\google-oauth-client-1.30.6.jar;C:\Users\LILY\.m2\repository\org\springframework\data\spring-data-commons\2.3.4.RELEASE\spring-data-commons-2.3.4.RELEASE.jar;C:\Users\LILY\.m2\repository\org\springframework\spring-beans\5.2.9.RELEASE\spring-beans-5.2.9.RELEASE.jar;C:\Users\LILY\.m2\repository\org\springframework\spring-context\5.2.9.RELEASE\spring-context-5.2.9.RELEASE.jar;C:\Users\LILY\.m2\repository\org\springframework\spring-aop\5.2.9.RELEASE\spring-aop-5.2.9.RELEASE.jar;C:\Users\LILY\.m2\repository\org\springframework\spring-expression\5.2.9.RELEASE\spring-expression-5.2.9.RELEASE.jar;C:\Users\LILY\.m2\repository\org\springframework\spring-core\5.2.9.RELEASE\spring-core-5.2.9.RELEASE.jar;C:\Users\LILY\.m2\repository\org\springframework\spring-jcl\5.2.9.RELEASE\spring-jcl-5.2.9.RELEASE.jar;C:\Users\LILY\.m2\repository\org\springframework\cloud\spring-cloud-gcp-core\1.2.3.RELEASE\spring-cloud-gcp-core-1.2.3.RELEASE.jar;C:\Users\LILY\.m2\repository\org\springframework\spring-tx\5.2.9.RELEASE\spring-tx-5.2.9.RELEASE.jar;C:\Users\LILY\.m2\repository\org\slf4j\slf4j-api\1.7.30\slf4j-api-1.7.30.jar;C:\Users\LILY\.m2\repository\com\google\guava\guava\29.0-android\guava-29.0-android.jar;C:\Users\LILY\.m2\repository\com\google\guava\failureaccess\1.0.1\failureaccess-1.0.1.jar;C:\Users\LILY\.m2\repository\com\google\guava\listenablefuture\9999.0-empty-to-avoid-conflict-with-guava\listenablefuture-9999.0-empty-to-avoid-conflict-with-guava.jar;C:\Users\LILY\.m2\repository\org\checkerframework\checker-compat-qual\2.5.5\checker-compat-qual-2.5.5.jar;C:\Users\LILY\.m2\repository\com\google\errorprone\error_prone_annotations\2.3.4\error_prone_annotations-2.3.4.jar;C:\Users\LILY\.m2\repository\com\google\j2objc\j2objc-annotations\1.3\j2objc-annotations-1.3.jar;C:\Users\LILY\.m2\repository\org\apache\commons\commons-lang3\3.11\commons-lang3-3.11.jar;C:\Users\LILY\.m2\repository\org\junit\jupiter\junit-jupiter-api\5.6.2\junit-jupiter-api-5.6.2.jar;C:\Users\LILY\.m2\repository\org\apiguardian\apiguardian-api\1.1.0\apiguardian-api-1.1.0.jar;C:\Users\LILY\.m2\repository\org\opentest4j\opentest4j\1.2.0\opentest4j-1.2.0.jar;C:\Users\LILY\.m2\repository\org\junit\platform\junit-platform-commons\1.6.2\junit-platform-commons-1.6.2.jar;C:\Users\LILY\.m2\repository\org\springframework\boot\spring-boot-starter-web\2.3.4.RELEASE\spring-boot-starter-web-2.3.4.RELEASE.jar;C:\Users\LILY\.m2\repository\org\springframework\boot\spring-boot-starter\2.3.4.RELEASE\spring-boot-starter-2.3.4.RELEASE.jar;C:\Users\LILY\.m2\repository\org\springframework\boot\spring-boot\2.3.4.RELEASE\spring-boot-2.3.4.RELEASE.jar;C:\Users\LILY\.m2\repository\org\springframework\boot\spring-boot-autoconfigure\2.3.4.RELEASE\spring-boot-autoconfigure-2.3.4.RELEASE.jar;C:\Users\LILY\.m2\repository\org\springframework\boot\spring-boot-starter-logging\2.3.4.RELEASE\spring-boot-starter-logging-2.3.4.RELEASE.jar;C:\Users\LILY\.m2\repository\ch\qos\logback\logback-classic\1.2.3\logback-classic-1.2.3.jar;C:\Users\LILY\.m2\repository\ch\qos\logback\logback-core\1.2.3\logback-core-1.2.3.jar;C:\Users\LILY\.m2\repository\org\apache\logging\log4j\log4j-to-slf4j\2.13.3\log4j-to-slf4j-2.13.3.jar;C:\Users\LILY\.m2\repository\org\apache\logging\log4j\log4j-api\2.13.3\log4j-api-2.13.3.jar;C:\Users\LILY\.m2\repository\org\slf4j\jul-to-slf4j\1.7.30\jul-to-slf4j-1.7.30.jar;C:\Users\LILY\.m2\repository\jakarta\annotation\jakarta.annotation-api\1.3.5\jakarta.annotation-api-1.3.5.jar;C:\Users\LILY\.m2\repository\org\yaml\snakeyaml\1.26\snakeyaml-1.26.jar;C:\Users\LILY\.m2\repository\org\springframework\boot\spring-boot-starter-json\2.3.4.RELEASE\spring-boot-starter-json-2.3.4.RELEASE.jar;C:\Users\LILY\.m2\repository\com\fasterxml\jackson\core\jackson-databind\2.11.2\jackson-databind-2.11.2.jar;C:\Users\LILY\.m2\repository\com\fasterxml\jackson\core\jackson-annotations\2.11.2\jackson-annotations-2.11.2.jar;C:\Users\LILY\.m2\repository\com\fasterxml\jackson\datatype\jackson-datatype-jdk8\2.11.2\jackson-datatype-jdk8-2.11.2.jar;C:\Users\LILY\.m2\repository\com\fasterxml\jackson\datatype\jackson-datatype-jsr310\2.11.2\jackson-datatype-jsr310-2.11.2.jar;C:\Users\LILY\.m2\repository\com\fasterxml\jackson\module\jackson-module-parameter-names\2.11.2\jackson-module-parameter-names-2.11.2.jar;C:\Users\LILY\.m2\repository\org\springframework\boot\spring-boot-starter-tomcat\2.3.4.RELEASE\spring-boot-starter-tomcat-2.3.4.RELEASE.jar;C:\Users\LILY\.m2\repository\org\apache\tomcat\embed\tomcat-embed-core\9.0.38\tomcat-embed-core-9.0.38.jar;C:\Users\LILY\.m2\repository\org\glassfish\jakarta.el\3.0.3\jakarta.el-3.0.3.jar;C:\Users\LILY\.m2\repository\org\apache\tomcat\embed\tomcat-embed-websocket\9.0.38\tomcat-embed-websocket-9.0.38.jar;C:\Users\LILY\.m2\repository\org\springframework\spring-web\5.2.9.RELEASE\spring-web-5.2.9.RELEASE.jar;C:\Users\LILY\.m2\repository\org\springframework\spring-webmvc\5.2.9.RELEASE\spring-webmvc-5.2.9.RELEASE.jar;C:\Users\LILY\.m2\repository\org\json\json\20200518\json-20200518.jar;C:\Users\LILY\.m2\repository\org\springframework\boot\spring-boot-starter-test\2.3.4.RELEASE\spring-boot-starter-test-2.3.4.RELEASE.jar;C:\Users\LILY\.m2\repository\org\springframework\boot\spring-boot-test\2.3.4.RELEASE\spring-boot-test-2.3.4.RELEASE.jar;C:\Users\LILY\.m2\repository\org\springframework\boot\spring-boot-test-autoconfigure\2.3.4.RELEASE\spring-boot-test-autoconfigure-2.3.4.RELEASE.jar;C:\Users\LILY\.m2\repository\com\jayway\jsonpath\json-path\2.4.0\json-path-2.4.0.jar;C:\Users\LILY\.m2\repository\net\minidev\json-smart\2.3\json-smart-2.3.jar;C:\Users\LILY\.m2\repository\net\minidev\accessors-smart\1.2\accessors-smart-1.2.jar;C:\Users\LILY\.m2\repository\org\ow2\asm\asm\5.0.4\asm-5.0.4.jar;C:\Users\LILY\.m2\repository\jakarta\xml\bind\jakarta.xml.bind-api\2.3.3\jakarta.xml.bind-api-2.3.3.jar;C:\Users\LILY\.m2\repository\jakarta\activation\jakarta.activation-api\1.2.2\jakarta.activation-api-1.2.2.jar;C:\Users\LILY\.m2\repository\org\assertj\assertj-core\3.16.1\assertj-core-3.16.1.jar;C:\Users\LILY\.m2\repository\org\hamcrest\hamcrest\2.2\hamcrest-2.2.jar;C:\Users\LILY\.m2\repository\org\junit\jupiter\junit-jupiter\5.6.2\junit-jupiter-5.6.2.jar;C:\Users\LILY\.m2\repository\org\junit\jupiter\junit-jupiter-params\5.6.2\junit-jupiter-params-5.6.2.jar;C:\Users\LILY\.m2\repository\org\junit\jupiter\junit-jupiter-engine\5.6.2\junit-jupiter-engine-5.6.2.jar;C:\Users\LILY\.m2\repository\org\junit\platform\junit-platform-engine\1.6.2\junit-platform-engine-1.6.2.jar;C:\Users\LILY\.m2\repository\org\mockito\mockito-core\3.3.3\mockito-core-3.3.3.jar;C:\Users\LILY\.m2\repository\net\bytebuddy\byte-buddy\1.10.14\byte-buddy-1.10.14.jar;C:\Users\LILY\.m2\repository\net\bytebuddy\byte-buddy-agent\1.10.14\byte-buddy-agent-1.10.14.jar;C:\Users\LILY\.m2\repository\org\objenesis\objenesis\2.6\objenesis-2.6.jar;C:\Users\LILY\.m2\repository\org\mockito\mockito-junit-jupiter\3.3.3\mockito-junit-jupiter-3.3.3.jar;C:\Users\LILY\.m2\repository\org\skyscreamer\jsonassert\1.5.0\jsonassert-1.5.0.jar;C:\Users\LILY\.m2\repository\com\vaadin\external\google\android-json\0.0.20131108.vaadin1\android-json-0.0.20131108.vaadin1.jar;C:\Users\LILY\.m2\repository\org\springframework\spring-test\5.2.9.RELEASE\spring-test-5.2.9.RELEASE.jar;C:\Users\LILY\.m2\repository\org\xmlunit\xmlunit-core\2.7.0\xmlunit-core-2.7.0.jar;C:\Users\LILY\.m2\repository\com\google\cloud\google-cloud-storage\1.107.0\google-cloud-storage-1.107.0.jar;C:\Users\LILY\.m2\repository\com\google\http-client\google-http-client\1.35.0\google-http-client-1.35.0.jar;C:\Users\LILY\.m2\repository\org\apache\httpcomponents\httpclient\4.5.12\httpclient-4.5.12.jar;C:\Users\LILY\.m2\repository\commons-codec\commons-codec\1.14\commons-codec-1.14.jar;C:\Users\LILY\.m2\repository\org\apache\httpcomponents\httpcore\4.4.13\httpcore-4.4.13.jar;C:\Users\LILY\.m2\repository\io\opencensus\opencensus-contrib-http-util\0.24.0\opencensus-contrib-http-util-0.24.0.jar;C:\Users\LILY\.m2\repository\com\google\http-client\google-http-client-jackson2\1.35.0\google-http-client-jackson2-1.35.0.jar;C:\Users\LILY\.m2\repository\com\google\api-client\google-api-client\1.30.7\google-api-client-1.30.7.jar;C:\Users\LILY\.m2\repository\com\google\apis\google-api-services-storage\v1-rev20200326-1.30.9\google-api-services-storage-v1-rev20200326-1.30.9.jar;C:\Users\LILY\.m2\repository\com\google\cloud\google-cloud-core-http\1.93.4\google-cloud-core-http-1.93.4.jar;C:\Users\LILY\.m2\repository\com\google\http-client\google-http-client-appengine\1.35.0\google-http-client-appengine-1.35.0.jar;C:\Users\LILY\.m2\repository\com\google\api\gax-httpjson\0.73.0\gax-httpjson-0.73.0.jar;C:\Users\LILY\.m2\repository\com\google\auth\google-auth-library-oauth2-http\0.20.0\google-auth-library-oauth2-http-0.20.0.jar;C:\Users\LILY\.m2\repository\com\google\api\grpc\proto-google-iam-v1\0.13.0\proto-google-iam-v1-0.13.0.jar;C:\Users\LILY\.m2\repository\com\google\googlejavaformat\google-java-format\1.9\google-java-format-1.9.jar;"/>
    <property name="java.vm.vendor" value="Oracle Corporation"/>
    <property name="sun.arch.data.model" value="64"/>
    <property name="user.variant" value=""/>
    <property name="java.vendor.url" value="http://java.oracle.com/"/>
    <property name="user.timezone" value="America/New_York"/>
    <property name="java.vm.specification.version" value="9"/>
    <property name="os.name" value="Windows 10"/>
    <property name="sun.java.launcher" value="SUN_STANDARD"/>
    <property name="user.country" value="US"/>
    <property name="sun.boot.library.path" value="C:\Program Files\Java\jdk-9.0.1\bin"/>
    <property name="sun.java.command" value="C:\Users\LILY\AppData\Local\Temp\surefire5092821390155452140\surefirebooter2399139966926459119.jar C:\Users\LILY\AppData\Local\Temp\surefire5092821390155452140 2020-10-27T17-16-18_420-jvmRun1 surefire15136125405785368785tmp surefire_03830348718479466246tmp"/>
    <property name="jdk.debug" value="release"/>
    <property name="surefire.test.class.path" value="C:\Users\LILY\Desktop\SW Testing\PP1\big-bank-cfi-suite-sw-testing-team-3\SWTestingTeam3\target\test-classes;C:\Users\LILY\Desktop\SW Testing\PP1\big-bank-cfi-suite-sw-testing-team-3\SWTestingTeam3\target\classes;C:\Users\LILY\.m2\repository\com\google\cloud\google-cloud-firestore\1.33.0\google-cloud-firestore-1.33.0.jar;C:\Users\LILY\.m2\repository\com\google\cloud\google-cloud-core-grpc\1.93.4\google-cloud-core-grpc-1.93.4.jar;C:\Users\LILY\.m2\repository\io\grpc\grpc-core\1.29.0\grpc-core-1.29.0.jar;C:\Users\LILY\.m2\repository\com\google\android\annotations\4.1.1.4\annotations-4.1.1.4.jar;C:\Users\LILY\.m2\repository\io\perfmark\perfmark-api\0.19.0\perfmark-api-0.19.0.jar;C:\Users\LILY\.m2\repository\com\google\api\grpc\proto-google-cloud-firestore-admin-v1\1.33.0\proto-google-cloud-firestore-admin-v1-1.33.0.jar;C:\Users\LILY\.m2\repository\com\google\api\grpc\proto-google-cloud-firestore-v1\1.33.0\proto-google-cloud-firestore-v1-1.33.0.jar;C:\Users\LILY\.m2\repository\com\google\api\grpc\proto-google-cloud-firestore-v1beta1\0.86.0\proto-google-cloud-firestore-v1beta1-0.86.0.jar;C:\Users\LILY\.m2\repository\com\google\auto\value\auto-value-annotations\1.7\auto-value-annotations-1.7.jar;C:\Users\LILY\.m2\repository\io\opencensus\opencensus-contrib-grpc-util\0.24.0\opencensus-contrib-grpc-util-0.24.0.jar;C:\Users\LILY\.m2\repository\com\google\code\findbugs\jsr305\3.0.2\jsr305-3.0.2.jar;C:\Users\LILY\.m2\repository\com\google\api\api-common\1.9.0\api-common-1.9.0.jar;C:\Users\LILY\.m2\repository\io\grpc\grpc-protobuf\1.29.0\grpc-protobuf-1.29.0.jar;C:\Users\LILY\.m2\repository\io\grpc\grpc-protobuf-lite\1.29.0\grpc-protobuf-lite-1.29.0.jar;C:\Users\LILY\.m2\repository\io\grpc\grpc-context\1.29.0\grpc-context-1.29.0.jar;C:\Users\LILY\.m2\repository\com\google\protobuf\protobuf-java\3.11.4\protobuf-java-3.11.4.jar;C:\Users\LILY\.m2\repository\com\google\api\grpc\proto-google-common-protos\1.17.0\proto-google-common-protos-1.17.0.jar;C:\Users\LILY\.m2\repository\com\google\api\gax\1.56.0\gax-1.56.0.jar;C:\Users\LILY\.m2\repository\io\grpc\grpc-api\1.29.0\grpc-api-1.29.0.jar;C:\Users\LILY\.m2\repository\org\codehaus\mojo\animal-sniffer-annotations\1.18\animal-sniffer-annotations-1.18.jar;C:\Users\LILY\.m2\repository\com\google\api\gax-grpc\1.56.0\gax-grpc-1.56.0.jar;C:\Users\LILY\.m2\repository\io\grpc\grpc-auth\1.29.0\grpc-auth-1.29.0.jar;C:\Users\LILY\.m2\repository\io\grpc\grpc-netty-shaded\1.29.0\grpc-netty-shaded-1.29.0.jar;C:\Users\LILY\.m2\repository\io\grpc\grpc-alts\1.29.0\grpc-alts-1.29.0.jar;C:\Users\LILY\.m2\repository\io\grpc\grpc-grpclb\1.29.0\grpc-grpclb-1.29.0.jar;C:\Users\LILY\.m2\repository\org\conscrypt\conscrypt-openjdk-uber\2.2.1\conscrypt-openjdk-uber-2.2.1.jar;C:\Users\LILY\.m2\repository\org\threeten\threetenbp\1.4.3\threetenbp-1.4.3.jar;C:\Users\LILY\.m2\repository\io\grpc\grpc-stub\1.29.0\grpc-stub-1.29.0.jar;C:\Users\LILY\.m2\repository\io\opencensus\opencensus-api\0.24.0\opencensus-api-0.24.0.jar;C:\Users\LILY\.m2\repository\com\google\auth\google-auth-library-credentials\0.20.0\google-auth-library-credentials-0.20.0.jar;C:\Users\LILY\.m2\repository\com\google\cloud\google-cloud-core\1.93.4\google-cloud-core-1.93.4.jar;C:\Users\LILY\.m2\repository\com\google\code\gson\gson\2.8.6\gson-2.8.6.jar;C:\Users\LILY\.m2\repository\com\fasterxml\jackson\core\jackson-core\2.11.2\jackson-core-2.11.2.jar;C:\Users\LILY\.m2\repository\com\google\protobuf\protobuf-java-util\3.11.4\protobuf-java-util-3.11.4.jar;C:\Users\LILY\.m2\repository\javax\annotation\javax.annotation-api\1.3.2\javax.annotation-api-1.3.2.jar;C:\Users\LILY\.m2\repository\org\springframework\cloud\spring-cloud-gcp-data-datastore\1.2.3.RELEASE\spring-cloud-gcp-data-datastore-1.2.3.RELEASE.jar;C:\Users\LILY\.m2\repository\com\google\cloud\google-cloud-datastore\1.102.4\google-cloud-datastore-1.102.4.jar;C:\Users\LILY\.m2\repository\com\google\api\grpc\proto-google-cloud-datastore-v1\0.85.4\proto-google-cloud-datastore-v1-0.85.4.jar;C:\Users\LILY\.m2\repository\com\google\cloud\datastore\datastore-v1-proto-client\1.6.3\datastore-v1-proto-client-1.6.3.jar;C:\Users\LILY\.m2\repository\com\google\http-client\google-http-client-protobuf\1.35.0\google-http-client-protobuf-1.35.0.jar;C:\Users\LILY\.m2\repository\com\google\oauth-client\google-oauth-client\1.30.6\google-oauth-client-1.30.6.jar;C:\Users\LILY\.m2\repository\org\springframework\data\spring-data-commons\2.3.4.RELEASE\spring-data-commons-2.3.4.RELEASE.jar;C:\Users\LILY\.m2\repository\org\springframework\spring-beans\5.2.9.RELEASE\spring-beans-5.2.9.RELEASE.jar;C:\Users\LILY\.m2\repository\org\springframework\spring-context\5.2.9.RELEASE\spring-context-5.2.9.RELEASE.jar;C:\Users\LILY\.m2\repository\org\springframework\spring-aop\5.2.9.RELEASE\spring-aop-5.2.9.RELEASE.jar;C:\Users\LILY\.m2\repository\org\springframework\spring-expression\5.2.9.RELEASE\spring-expression-5.2.9.RELEASE.jar;C:\Users\LILY\.m2\repository\org\springframework\spring-core\5.2.9.RELEASE\spring-core-5.2.9.RELEASE.jar;C:\Users\LILY\.m2\repository\org\springframework\spring-jcl\5.2.9.RELEASE\spring-jcl-5.2.9.RELEASE.jar;C:\Users\LILY\.m2\repository\org\springframework\cloud\spring-cloud-gcp-core\1.2.3.RELEASE\spring-cloud-gcp-core-1.2.3.RELEASE.jar;C:\Users\LILY\.m2\repository\org\springframework\spring-tx\5.2.9.RELEASE\spring-tx-5.2.9.RELEASE.jar;C:\Users\LILY\.m2\repository\org\slf4j\slf4j-api\1.7.30\slf4j-api-1.7.30.jar;C:\Users\LILY\.m2\repository\com\google\guava\guava\29.0-android\guava-29.0-android.jar;C:\Users\LILY\.m2\repository\com\google\guava\failureaccess\1.0.1\failureaccess-1.0.1.jar;C:\Users\LILY\.m2\repository\com\google\guava\listenablefuture\9999.0-empty-to-avoid-conflict-with-guava\listenablefuture-9999.0-empty-to-avoid-conflict-with-guava.jar;C:\Users\LILY\.m2\repository\org\checkerframework\checker-compat-qual\2.5.5\checker-compat-qual-2.5.5.jar;C:\Users\LILY\.m2\repository\com\google\errorprone\error_prone_annotations\2.3.4\error_prone_annotations-2.3.4.jar;C:\Users\LILY\.m2\repository\com\google\j2objc\j2objc-annotations\1.3\j2objc-annotations-1.3.jar;C:\Users\LILY\.m2\repository\org\apache\commons\commons-lang3\3.11\commons-lang3-3.11.jar;C:\Users\LILY\.m2\repository\org\junit\jupiter\junit-jupiter-api\5.6.2\junit-jupiter-api-5.6.2.jar;C:\Users\LILY\.m2\repository\org\apiguardian\apiguardian-api\1.1.0\apiguardian-api-1.1.0.jar;C:\Users\LILY\.m2\repository\org\opentest4j\opentest4j\1.2.0\opentest4j-1.2.0.jar;C:\Users\LILY\.m2\repository\org\junit\platform\junit-platform-commons\1.6.2\junit-platform-commons-1.6.2.jar;C:\Users\LILY\.m2\repository\org\springframework\boot\spring-boot-starter-web\2.3.4.RELEASE\spring-boot-starter-web-2.3.4.RELEASE.jar;C:\Users\LILY\.m2\repository\org\springframework\boot\spring-boot-starter\2.3.4.RELEASE\spring-boot-starter-2.3.4.RELEASE.jar;C:\Users\LILY\.m2\repository\org\springframework\boot\spring-boot\2.3.4.RELEASE\spring-boot-2.3.4.RELEASE.jar;C:\Users\LILY\.m2\repository\org\springframework\boot\spring-boot-autoconfigure\2.3.4.RELEASE\spring-boot-autoconfigure-2.3.4.RELEASE.jar;C:\Users\LILY\.m2\repository\org\springframework\boot\spring-boot-starter-logging\2.3.4.RELEASE\spring-boot-starter-logging-2.3.4.RELEASE.jar;C:\Users\LILY\.m2\repository\ch\qos\logback\logback-classic\1.2.3\logback-classic-1.2.3.jar;C:\Users\LILY\.m2\repository\ch\qos\logback\logback-core\1.2.3\logback-core-1.2.3.jar;C:\Users\LILY\.m2\repository\org\apache\logging\log4j\log4j-to-slf4j\2.13.3\log4j-to-slf4j-2.13.3.jar;C:\Users\LILY\.m2\repository\org\apache\logging\log4j\log4j-api\2.13.3\log4j-api-2.13.3.jar;C:\Users\LILY\.m2\repository\org\slf4j\jul-to-slf4j\1.7.30\jul-to-slf4j-1.7.30.jar;C:\Users\LILY\.m2\repository\jakarta\annotation\jakarta.annotation-api\1.3.5\jakarta.annotation-api-1.3.5.jar;C:\Users\LILY\.m2\repository\org\yaml\snakeyaml\1.26\snakeyaml-1.26.jar;C:\Users\LILY\.m2\repository\org\springframework\boot\spring-boot-starter-json\2.3.4.RELEASE\spring-boot-starter-json-2.3.4.RELEASE.jar;C:\Users\LILY\.m2\repository\com\fasterxml\jackson\core\jackson-databind\2.11.2\jackson-databind-2.11.2.jar;C:\Users\LILY\.m2\repository\com\fasterxml\jackson\core\jackson-annotations\2.11.2\jackson-annotations-2.11.2.jar;C:\Users\LILY\.m2\repository\com\fasterxml\jackson\datatype\jackson-datatype-jdk8\2.11.2\jackson-datatype-jdk8-2.11.2.jar;C:\Users\LILY\.m2\repository\com\fasterxml\jackson\datatype\jackson-datatype-jsr310\2.11.2\jackson-datatype-jsr310-2.11.2.jar;C:\Users\LILY\.m2\repository\com\fasterxml\jackson\module\jackson-module-parameter-names\2.11.2\jackson-module-parameter-names-2.11.2.jar;C:\Users\LILY\.m2\repository\org\springframework\boot\spring-boot-starter-tomcat\2.3.4.RELEASE\spring-boot-starter-tomcat-2.3.4.RELEASE.jar;C:\Users\LILY\.m2\repository\org\apache\tomcat\embed\tomcat-embed-core\9.0.38\tomcat-embed-core-9.0.38.jar;C:\Users\LILY\.m2\repository\org\glassfish\jakarta.el\3.0.3\jakarta.el-3.0.3.jar;C:\Users\LILY\.m2\repository\org\apache\tomcat\embed\tomcat-embed-websocket\9.0.38\tomcat-embed-websocket-9.0.38.jar;C:\Users\LILY\.m2\repository\org\springframework\spring-web\5.2.9.RELEASE\spring-web-5.2.9.RELEASE.jar;C:\Users\LILY\.m2\repository\org\springframework\spring-webmvc\5.2.9.RELEASE\spring-webmvc-5.2.9.RELEASE.jar;C:\Users\LILY\.m2\repository\org\json\json\20200518\json-20200518.jar;C:\Users\LILY\.m2\repository\org\springframework\boot\spring-boot-starter-test\2.3.4.RELEASE\spring-boot-starter-test-2.3.4.RELEASE.jar;C:\Users\LILY\.m2\repository\org\springframework\boot\spring-boot-test\2.3.4.RELEASE\spring-boot-test-2.3.4.RELEASE.jar;C:\Users\LILY\.m2\repository\org\springframework\boot\spring-boot-test-autoconfigure\2.3.4.RELEASE\spring-boot-test-autoconfigure-2.3.4.RELEASE.jar;C:\Users\LILY\.m2\repository\com\jayway\jsonpath\json-path\2.4.0\json-path-2.4.0.jar;C:\Users\LILY\.m2\repository\net\minidev\json-smart\2.3\json-smart-2.3.jar;C:\Users\LILY\.m2\repository\net\minidev\accessors-smart\1.2\accessors-smart-1.2.jar;C:\Users\LILY\.m2\repository\org\ow2\asm\asm\5.0.4\asm-5.0.4.jar;C:\Users\LILY\.m2\repository\jakarta\xml\bind\jakarta.xml.bind-api\2.3.3\jakarta.xml.bind-api-2.3.3.jar;C:\Users\LILY\.m2\repository\jakarta\activation\jakarta.activation-api\1.2.2\jakarta.activation-api-1.2.2.jar;C:\Users\LILY\.m2\repository\org\assertj\assertj-core\3.16.1\assertj-core-3.16.1.jar;C:\Users\LILY\.m2\repository\org\hamcrest\hamcrest\2.2\hamcrest-2.2.jar;C:\Users\LILY\.m2\repository\org\junit\jupiter\junit-jupiter\5.6.2\junit-jupiter-5.6.2.jar;C:\Users\LILY\.m2\repository\org\junit\jupiter\junit-jupiter-params\5.6.2\junit-jupiter-params-5.6.2.jar;C:\Users\LILY\.m2\repository\org\junit\jupiter\junit-jupiter-engine\5.6.2\junit-jupiter-engine-5.6.2.jar;C:\Users\LILY\.m2\repository\org\junit\platform\junit-platform-engine\1.6.2\junit-platform-engine-1.6.2.jar;C:\Users\LILY\.m2\repository\org\mockito\mockito-core\3.3.3\mockito-core-3.3.3.jar;C:\Users\LILY\.m2\repository\net\bytebuddy\byte-buddy\1.10.14\byte-buddy-1.10.14.jar;C:\Users\LILY\.m2\repository\net\bytebuddy\byte-buddy-agent\1.10.14\byte-buddy-agent-1.10.14.jar;C:\Users\LILY\.m2\repository\org\objenesis\objenesis\2.6\objenesis-2.6.jar;C:\Users\LILY\.m2\repository\org\mockito\mockito-junit-jupiter\3.3.3\mockito-junit-jupiter-3.3.3.jar;C:\Users\LILY\.m2\repository\org\skyscreamer\jsonassert\1.5.0\jsonassert-1.5.0.jar;C:\Users\LILY\.m2\repository\com\vaadin\external\google\android-json\0.0.20131108.vaadin1\android-json-0.0.20131108.vaadin1.jar;C:\Users\LILY\.m2\repository\org\springframework\spring-test\5.2.9.RELEASE\spring-test-5.2.9.RELEASE.jar;C:\Users\LILY\.m2\repository\org\xmlunit\xmlunit-core\2.7.0\xmlunit-core-2.7.0.jar;C:\Users\LILY\.m2\repository\com\google\cloud\google-cloud-storage\1.107.0\google-cloud-storage-1.107.0.jar;C:\Users\LILY\.m2\repository\com\google\http-client\google-http-client\1.35.0\google-http-client-1.35.0.jar;C:\Users\LILY\.m2\repository\org\apache\httpcomponents\httpclient\4.5.12\httpclient-4.5.12.jar;C:\Users\LILY\.m2\repository\commons-codec\commons-codec\1.14\commons-codec-1.14.jar;C:\Users\LILY\.m2\repository\org\apache\httpcomponents\httpcore\4.4.13\httpcore-4.4.13.jar;C:\Users\LILY\.m2\repository\io\opencensus\opencensus-contrib-http-util\0.24.0\opencensus-contrib-http-util-0.24.0.jar;C:\Users\LILY\.m2\repository\com\google\http-client\google-http-client-jackson2\1.35.0\google-http-client-jackson2-1.35.0.jar;C:\Users\LILY\.m2\repository\com\google\api-client\google-api-client\1.30.7\google-api-client-1.30.7.jar;C:\Users\LILY\.m2\repository\com\google\apis\google-api-services-storage\v1-rev20200326-1.30.9\google-api-services-storage-v1-rev20200326-1.30.9.jar;C:\Users\LILY\.m2\repository\com\google\cloud\google-cloud-core-http\1.93.4\google-cloud-core-http-1.93.4.jar;C:\Users\LILY\.m2\repository\com\google\http-client\google-http-client-appengine\1.35.0\google-http-client-appengine-1.35.0.jar;C:\Users\LILY\.m2\repository\com\google\api\gax-httpjson\0.73.0\gax-httpjson-0.73.0.jar;C:\Users\LILY\.m2\repository\com\google\auth\google-auth-library-oauth2-http\0.20.0\google-auth-library-oauth2-http-0.20.0.jar;C:\Users\LILY\.m2\repository\com\google\api\grpc\proto-google-iam-v1\0.13.0\proto-google-iam-v1-0.13.0.jar;C:\Users\LILY\.m2\repository\com\google\googlejavaformat\google-java-format\1.9\google-java-format-1.9.jar;"/>
    <property name="sun.cpu.endian" value="little"/>
    <property name="user.home" value="C:\Users\LILY"/>
    <property name="user.language" value="en"/>
    <property name="java.specification.vendor" value="Oracle Corporation"/>
    <property name="java.home" value="C:\Program Files\Java\jdk-9.0.1"/>
    <property name="file.separator" value="\"/>
    <property name="basedir" value="C:\Users\LILY\Desktop\SW Testing\PP1\big-bank-cfi-suite-sw-testing-team-3\SWTestingTeam3"/>
    <property name="java.vm.compressedOopsMode" value="32-bit"/>
    <property name="line.separator" value="&#10;"/>
    <property name="java.vm.specification.vendor" value="Oracle Corporation"/>
    <property name="java.specification.name" value="Java Platform API Specification"/>
    <property name="java.awt.graphicsenv" value="sun.awt.Win32GraphicsEnvironment"/>
    <property name="surefire.real.class.path" value="C:\Users\LILY\AppData\Local\Temp\surefire5092821390155452140\surefirebooter2399139966926459119.jar"/>
    <property name="user.script" value=""/>
    <property name="sun.management.compiler" value="HotSpot 64-Bit Tiered Compilers"/>
    <property name="java.runtime.version" value="9.0.1+11"/>
    <property name="user.name" value="LILY"/>
    <property name="path.separator" value=";"/>
    <property name="os.version" value="10.0"/>
    <property name="java.runtime.name" value="Java(TM) SE Runtime Environment"/>
    <property name="file.encoding" value="Cp1252"/>
    <property name="java.vm.name" value="Java HotSpot(TM) 64-Bit Server VM"/>
    <property name="localRepository" value="C:\Users\LILY\.m2\repository"/>
    <property name="java.vendor.url.bug" value="http://bugreport.java.com/bugreport/"/>
    <property name="java.io.tmpdir" value="C:\Users\LILY\AppData\Local\Temp\"/>
    <property name="java.version" value="9.0.1"/>
    <property name="user.dir" value="C:\Users\LILY\Desktop\SW Testing\PP1\big-bank-cfi-suite-sw-testing-team-3\SWTestingTeam3"/>
    <property name="os.arch" value="amd64"/>
    <property name="java.vm.specification.name" value="Java Virtual Machine Specification"/>
    <property name="java.awt.printerjob" value="sun.awt.windows.WPrinterJob"/>
    <property name="sun.os.patch.level" value=""/>
    <property name="java.library.path" value="C:\Program Files\Java\jdk-9.0.1\bin;C:\WINDOWS\Sun\Java\bin;C:\WINDOWS\system32;C:\WINDOWS;C:\Windows\system32;C:\Windows;C:\Windows\System32\Wbem;C:\Windows\System32\WindowsPowerShell\v1.0\;C:\Program Files (x86)\NVIDIA Corporation\PhysX\Common;C:\WINDOWS\system32;C:\WINDOWS;C:\WINDOWS\System32\Wbem;C:\WINDOWS\System32\WindowsPowerShell\v1.0\;C:\Program Files (x86)\Git\cmd;C:\WINDOWS\System32\OpenSSH\;C:\MinGW\bin;C:\Users\LILY\Desktop\go-ipfs\go-ipfs;C:\Program Files (x86)\PuTTY\;C:\Program Files\nodejs\;C:\Users\LILY\Desktop\mongodb-shell-win32-x86_64-2012plus-4.2.0\mongodb-win32-x86_64-2012plus-4.2.0\bin;C:\Users\LILY\Desktop\mongodb-shell-win32-x86_64-2012plus-4.2.0;C:\ProgramData\chocolatey\bin;C:\HashiCorp\Vagrant\bin;C:\Program Files\Docker\Docker\resources\bin;C:\ProgramData\DockerDesktop\version-bin;C:\Program Files\Java\jdk-9.0.1\bin;C:\Program Files (x86)\Common Files\Oracle\Java\javapath;C:/Program Files/JetBrains/IntelliJ IDEA 2020.2.2/plugins/maven/lib/maven3\bin;C:\Users\LILY\AppData\Local\Programs\Python\Python38-32\Scripts\;C:\Users\LILY\AppData\Local\Programs\Python\Python38-32\;C:\Users\LILY\AppData\Local\Microsoft\WindowsApps;C:\Program Files (x86)\GnuWin32\bin;C:\Users\LILY\AppData\Roaming\npm;C:\Users\LILY\AppData\Local\Programs\Microsoft VS Code\bin;C:\Program Files\heroku\bin;C:\Users\LILY\AppData\Local\GitHubDesktop\bin;C:\Users\LILY\AppData\Local\Microsoft\WindowsApps;C:\Program Files\JetBrains\IntelliJ IDEA 2020.2.2\bin;;C:\Users\LILY\AppData\Local\Google\Cloud SDK\google-cloud-sdk\bin;."/>
    <property name="java.vm.info" value="mixed mode"/>
    <property name="java.vendor" value="Oracle Corporation"/>
    <property name="java.vm.version" value="9.0.1+11"/>
    <property name="sun.io.unicode.encoding" value="UnicodeLittle"/>
    <property name="java.class.version" value="53.0"/>
  </properties>
  <testcase name="option4_isBalanceCorrect" classname="com.team3.SWTestingTeam3.SwTestingTeam3ApplicationTests" time="1.12"/>
  <testcase name="option1_NegativeInput" classname="com.team3.SWTestingTeam3.SwTestingTeam3ApplicationTests" time="0.119"/>
  <testcase name="option2_monthlyContributionsMustBePositive" classname="com.team3.SWTestingTeam3.SwTestingTeam3ApplicationTests" time="0.014"/>
  <testcase name="option4_isPeriodPositive" classname="com.team3.SWTestingTeam3.SwTestingTeam3ApplicationTests" time="0.018"/>
  <testcase name="option4_isDepositPositive" classname="com.team3.SWTestingTeam3.SwTestingTeam3ApplicationTests" time="0.01"/>
  <testcase name="option3_creditCardInterestRateMustBeValidPercentage" classname="com.team3.SWTestingTeam3.SwTestingTeam3ApplicationTests" time="0.017"/>
  <testcase name="option3_creditCardBalanceMustBePositive" classname="com.team3.SWTestingTeam3.SwTestingTeam3ApplicationTests" time="0.02"/>
  <testcase name="option2_APYInterestRateMustBeValidPercentage" classname="com.team3.SWTestingTeam3.SwTestingTeam3ApplicationTests" time="0.02"/>
  <testcase name="option3_correctMonthlyPayment" classname="com.team3.SWTestingTeam3.SwTestingTeam3ApplicationTests" time="0.014"/>
  <testcase name="option1_ValidPercentRange" classname="com.team3.SWTestingTeam3.SwTestingTeam3ApplicationTests" time="0.012"/>
  <testcase name="option2_correctInterestEarned" classname="com.team3.SWTestingTeam3.SwTestingTeam3ApplicationTests" time="0.014"/>
  <testcase name="option1_OutputCorrectIP" classname="com.team3.SWTestingTeam3.SwTestingTeam3ApplicationTests" time="0.054"/>
  <testcase name="option1_OutputCorrectPP" classname="com.team3.SWTestingTeam3.SwTestingTeam3ApplicationTests" time="0.024"/>
  <testcase name="option3_correctTotalAmountPaid" classname="com.team3.SWTestingTeam3.SwTestingTeam3ApplicationTests" time="0.039"/>
  <testcase name="option3_minimumPaymentPercentageMustBeValidPercentage" classname="com.team3.SWTestingTeam3.SwTestingTeam3ApplicationTests" time="0.026"/>
  <testcase name="option2_correctTotalSavings" classname="com.team3.SWTestingTeam3.SwTestingTeam3ApplicationTests" time="0.011"/>
  <testcase name="option2_initDepositMustBePositive" classname="com.team3.SWTestingTeam3.SwTestingTeam3ApplicationTests" time="0.026"/>
  <testcase name="option4_isAPYValid" classname="com.team3.SWTestingTeam3.SwTestingTeam3ApplicationTests" time="0.007"/>
  <testcase name="option2_periodMustBePositive" classname="com.team3.SWTestingTeam3.SwTestingTeam3ApplicationTests" time="0.014"/>
  <testcase name="option2_periodMustBeFactor" classname="com.team3.SWTestingTeam3.SwTestingTeam3ApplicationTests" time="0.011"/>
  <testcase name="option1_OutputCorrectMonthlyPayment" classname="com.team3.SWTestingTeam3.SwTestingTeam3ApplicationTests" time="0.023"/>
  <testcase name="option4_isInterestCorrect" classname="com.team3.SWTestingTeam3.SwTestingTeam3ApplicationTests" time="0.012"/>
  <testcase name="contextLoads" classname="com.team3.SWTestingTeam3.SwTestingTeam3ApplicationTests" time="0.001"/>
  <testcase name="option1_ValidMonthInput" classname="com.team3.SWTestingTeam3.SwTestingTeam3ApplicationTests" time="0.013"/>
  <testcase name="option2_correctTotalContributions" classname="com.team3.SWTestingTeam3.SwTestingTeam3ApplicationTests" time="0.064"/>
  <testcase name="option3_correctNumberOfMonthsToPayOffBalance" classname="com.team3.SWTestingTeam3.SwTestingTeam3ApplicationTests" time="0.074"/>
</testsuite>